
> reacthub-pixitweenjs@0.2.107-alpha.97 build-storybook
> storybook build

@storybook/cli v7.2.1

info => Cleaning outputDir: C:\Users\khanz\AppData\Local\Temp\chromatic--51700-tbukw8czdHia
info => Loading presets
info => Building manager..
info => Manager built (499 ms)
info => Copying static files: C:\code\Code\bitbuckets\storybook\reacthub-pixitweenjs\node_modules\@storybook\manager\static at C:\Users\khanz\AppData\Local\Temp\chromatic--51700-tbukw8czdHia\sb-common-assets

[vite:dts] You are building a library that may not need to generate declaration files.

[36mvite v4.4.9 [32mbuilding for production...[36m[39m

./sb-common-assets/fonts.css doesn't exist at build time, it will remain unchanged to be resolved at runtime
transforming...
info => Copying static files: C:\code\Code\bitbuckets\storybook\reacthub-pixitweenjs\public at C:\Users\khanz\AppData\Local\Temp\chromatic--51700-tbukw8czdHia\
node_modules/telejson/dist/index.mjs (1394:15) Use of eval in "node_modules/telejson/dist/index.mjs" is strongly discouraged as it poses security risks and may cause issues with minification.
node_modules/telejson/dist/index.mjs (1397:18) Use of eval in "node_modules/telejson/dist/index.mjs" is strongly discouraged as it poses security risks and may cause issues with minification.
[32m✓[39m 2241 modules transformed.
rendering chunks...

[vite:dts] Start generate declaration files...
computing gzip size...
[vite:dts] Declaration files built in 11700ms.

[2m../../../../../Users/khanz/AppData/Local/Temp/chromatic--51700-tbukw8czdHia/[22m[32massets/direction-94a9917f.svg                       [39m[1m[2m  1.28 kB[22m[1m[22m[2m │ gzip:   0.71 kB[22m
[2m../../../../../Users/khanz/AppData/Local/Temp/chromatic--51700-tbukw8czdHia/[22m[32massets/flow-275142c6.svg                            [39m[1m[2m  1.39 kB[22m[1m[22m[2m │ gzip:   0.68 kB[22m
[2m../../../../../Users/khanz/AppData/Local/Temp/chromatic--51700-tbukw8czdHia/[22m[32massets/code-brackets-9ef6443e.svg                   [39m[1m[2m  1.46 kB[22m[1m[22m[2m │ gzip:   0.69 kB[22m
[2m../../../../../Users/khanz/AppData/Local/Temp/chromatic--51700-tbukw8czdHia/[22m[32massets/comments-f15a6837.svg                        [39m[1m[2m  1.53 kB[22m[1m[22m[2m │ gzip:   0.70 kB[22m
[2m../../../../../Users/khanz/AppData/Local/Temp/chromatic--51700-tbukw8czdHia/[22m[32massets/repo-fb4ece47.svg                            [39m[1m[2m  1.64 kB[22m[1m[22m[2m │ gzip:   0.83 kB[22m
[2m../../../../../Users/khanz/AppData/Local/Temp/chromatic--51700-tbukw8czdHia/[22m[32massets/plugin-57148314.svg                          [39m[1m[2m  2.17 kB[22m[1m[22m[2m │ gzip:   0.98 kB[22m
[2m../../../../../Users/khanz/AppData/Local/Temp/chromatic--51700-tbukw8czdHia/[22m[32massets/stackalt-2ad81543.svg                        [39m[1m[2m  2.55 kB[22m[1m[22m[2m │ gzip:   1.09 kB[22m
[2m../../../../../Users/khanz/AppData/Local/Temp/chromatic--51700-tbukw8czdHia/[22m[32massets/colors-ac9401f3.svg                          [39m[1m[2m  8.51 kB[22m[1m[22m[2m │ gzip:   3.61 kB[22m
[2m../../../../../Users/khanz/AppData/Local/Temp/chromatic--51700-tbukw8czdHia/[22m[32miframe.html                                         [39m[1m[2m 12.74 kB[22m[1m[22m[2m │ gzip:   3.57 kB[22m
[2m../../../../../Users/khanz/AppData/Local/Temp/chromatic--51700-tbukw8czdHia/[22m[36massets/isSymbol-bb84bf8b.js                         [39m[1m[2m  0.21 kB[22m[1m[22m[2m │ gzip:   0.19 kB[22m[2m │ map:     1.20 kB[22m
[2m../../../../../Users/khanz/AppData/Local/Temp/chromatic--51700-tbukw8czdHia/[22m[36massets/index-d475d2ea.js                            [39m[1m[2m  0.21 kB[22m[1m[22m[2m │ gzip:   0.17 kB[22m[2m │ map:     0.84 kB[22m
[2m../../../../../Users/khanz/AppData/Local/Temp/chromatic--51700-tbukw8czdHia/[22m[36massets/index-aefaebb0.js                            [39m[1m[2m  0.25 kB[22m[1m[22m[2m │ gzip:   0.20 kB[22m[2m │ map:     0.10 kB[22m
[2m../../../../../Users/khanz/AppData/Local/Temp/chromatic--51700-tbukw8czdHia/[22m[36massets/chunk-MSDTXLE7-e8876087.js                   [39m[1m[2m  0.33 kB[22m[1m[22m[2m │ gzip:   0.28 kB[22m[2m │ map:     1.29 kB[22m
[2m../../../../../Users/khanz/AppData/Local/Temp/chromatic--51700-tbukw8czdHia/[22m[36massets/extends-a5793c18.js                          [39m[1m[2m  0.46 kB[22m[1m[22m[2m │ gzip:   0.33 kB[22m[2m │ map:     2.00 kB[22m
[2m../../../../../Users/khanz/AppData/Local/Temp/chromatic--51700-tbukw8czdHia/[22m[36massets/index-e744116c.js                            [39m[1m[2m  0.53 kB[22m[1m[22m[2m │ gzip:   0.34 kB[22m[2m │ map:     4.29 kB[22m
[2m../../../../../Users/khanz/AppData/Local/Temp/chromatic--51700-tbukw8czdHia/[22m[36massets/WithTooltip-YBG737T3-ebaf5d65.js             [39m[1m[2m  0.58 kB[22m[1m[22m[2m │ gzip:   0.33 kB[22m[2m │ map:     0.11 kB[22m
[2m../../../../../Users/khanz/AppData/Local/Temp/chromatic--51700-tbukw8czdHia/[22m[36massets/react-18-a08ecc9d.js                         [39m[1m[2m  0.60 kB[22m[1m[22m[2m │ gzip:   0.38 kB[22m[2m │ map:     2.65 kB[22m
[2m../../../../../Users/khanz/AppData/Local/Temp/chromatic--51700-tbukw8czdHia/[22m[36massets/syntaxhighlighter-4OVWVELQ-8e8a7447.js       [39m[1m[2m  0.60 kB[22m[1m[22m[2m │ gzip:   0.35 kB[22m[2m │ map:     0.12 kB[22m
[2m../../../../../Users/khanz/AppData/Local/Temp/chromatic--51700-tbukw8czdHia/[22m[36massets/preview-980d6faf.js                          [39m[1m[2m  0.63 kB[22m[1m[22m[2m │ gzip:   0.40 kB[22m[2m │ map:     2.33 kB[22m
[2m../../../../../Users/khanz/AppData/Local/Temp/chromatic--51700-tbukw8czdHia/[22m[36massets/preview-788e4348.js                          [39m[1m[2m  0.67 kB[22m[1m[22m[2m │ gzip:   0.41 kB[22m[2m │ map:     0.54 kB[22m
[2m../../../../../Users/khanz/AppData/Local/Temp/chromatic--51700-tbukw8czdHia/[22m[36massets/preview-5ef354f3.js                          [39m[1m[2m  0.69 kB[22m[1m[22m[2m │ gzip:   0.49 kB[22m[2m │ map:     3.93 kB[22m
[2m../../../../../Users/khanz/AppData/Local/Temp/chromatic--51700-tbukw8czdHia/[22m[36massets/_commonjsHelpers-de833af9.js                 [39m[1m[2m  0.75 kB[22m[1m[22m[2m │ gzip:   0.43 kB[22m[2m │ map:     0.11 kB[22m
[2m../../../../../Users/khanz/AppData/Local/Temp/chromatic--51700-tbukw8czdHia/[22m[36massets/index-356e4a49.js                            [39m[1m[2m  0.81 kB[22m[1m[22m[2m │ gzip:   0.51 kB[22m[2m │ map:     3.28 kB[22m
[2m../../../../../Users/khanz/AppData/Local/Temp/chromatic--51700-tbukw8czdHia/[22m[36massets/index-8d47fad6.js                            [39m[1m[2m  0.84 kB[22m[1m[22m[2m │ gzip:   0.55 kB[22m[2m │ map:     4.14 kB[22m
[2m../../../../../Users/khanz/AppData/Local/Temp/chromatic--51700-tbukw8czdHia/[22m[36massets/preview-b79ea209.js                          [39m[1m[2m  0.90 kB[22m[1m[22m[2m │ gzip:   0.60 kB[22m[2m │ map:     2.96 kB[22m
[2m../../../../../Users/khanz/AppData/Local/Temp/chromatic--51700-tbukw8czdHia/[22m[36massets/jsx-runtime-4ca860c5.js                      [39m[1m[2m  0.97 kB[22m[1m[22m[2m │ gzip:   0.61 kB[22m[2m │ map:     2.33 kB[22m
[2m../../../../../Users/khanz/AppData/Local/Temp/chromatic--51700-tbukw8czdHia/[22m[36massets/DocsRenderer-3PUGWF3O-d2dce127.js            [39m[1m[2m  1.44 kB[22m[1m[22m[2m │ gzip:   0.77 kB[22m[2m │ map:     2.60 kB[22m
[2m../../../../../Users/khanz/AppData/Local/Temp/chromatic--51700-tbukw8czdHia/[22m[36massets/AppStateProvider-7cff70a9.js                 [39m[1m[2m  1.58 kB[22m[1m[22m[2m │ gzip:   0.73 kB[22m[2m │ map:     4.71 kB[22m
[2m../../../../../Users/khanz/AppData/Local/Temp/chromatic--51700-tbukw8czdHia/[22m[36massets/debounce-9a7f49c6.js                         [39m[1m[2m  1.73 kB[22m[1m[22m[2m │ gzip:   0.95 kB[22m[2m │ map:    13.50 kB[22m
[2m../../../../../Users/khanz/AppData/Local/Temp/chromatic--51700-tbukw8czdHia/[22m[36massets/Installation-6237e09a.js                     [39m[1m[2m  1.84 kB[22m[1m[22m[2m │ gzip:   0.84 kB[22m[2m │ map:     2.48 kB[22m
[2m../../../../../Users/khanz/AppData/Local/Temp/chromatic--51700-tbukw8czdHia/[22m[36massets/chunk-AY7I2SME-c7b6cf8a.js                   [39m[1m[2m  1.88 kB[22m[1m[22m[2m │ gzip:   1.03 kB[22m[2m │ map:     8.92 kB[22m
[2m../../../../../Users/khanz/AppData/Local/Temp/chromatic--51700-tbukw8czdHia/[22m[36massets/PixiSeqenceWrapper-a5cc775b.js               [39m[1m[2m  2.03 kB[22m[1m[22m[2m │ gzip:   0.77 kB[22m[2m │ map:     5.32 kB[22m
[2m../../../../../Users/khanz/AppData/Local/Temp/chromatic--51700-tbukw8czdHia/[22m[36massets/index-d37d4223.js                            [39m[1m[2m  2.63 kB[22m[1m[22m[2m │ gzip:   1.30 kB[22m[2m │ map:     7.49 kB[22m
[2m../../../../../Users/khanz/AppData/Local/Temp/chromatic--51700-tbukw8czdHia/[22m[36massets/Git-DZ2D5ZUL-6ca74cd2.js                     [39m[1m[2m  3.06 kB[22m[1m[22m[2m │ gzip:   1.00 kB[22m[2m │ map:     7.21 kB[22m
[2m../../../../../Users/khanz/AppData/Local/Temp/chromatic--51700-tbukw8czdHia/[22m[36massets/preview-770cc08b.js                          [39m[1m[2m  3.22 kB[22m[1m[22m[2m │ gzip:   1.39 kB[22m[2m │ map:    10.25 kB[22m
[2m../../../../../Users/khanz/AppData/Local/Temp/chromatic--51700-tbukw8czdHia/[22m[36massets/_baseForOwn-ca29a81b.js                      [39m[1m[2m  3.94 kB[22m[1m[22m[2m │ gzip:   1.94 kB[22m[2m │ map:    33.98 kB[22m
[2m../../../../../Users/khanz/AppData/Local/Temp/chromatic--51700-tbukw8czdHia/[22m[36massets/Editing-7QFB6ZMG-a75b9a4e.js                 [39m[1m[2m  4.02 kB[22m[1m[22m[2m │ gzip:   1.12 kB[22m[2m │ map:    10.11 kB[22m
[2m../../../../../Users/khanz/AppData/Local/Temp/chromatic--51700-tbukw8czdHia/[22m[36massets/PixiImageSprite-acbaa42a.js                  [39m[1m[2m  4.57 kB[22m[1m[22m[2m │ gzip:   1.46 kB[22m[2m │ map:     7.36 kB[22m
[2m../../../../../Users/khanz/AppData/Local/Temp/chromatic--51700-tbukw8czdHia/[22m[36massets/PixiTextSprite-d8bce14d.js                   [39m[1m[2m  4.80 kB[22m[1m[22m[2m │ gzip:   1.59 kB[22m[2m │ map:    11.90 kB[22m
[2m../../../../../Users/khanz/AppData/Local/Temp/chromatic--51700-tbukw8czdHia/[22m[36massets/PixiAudioSprite.stories-fe19b7d8.js          [39m[1m[2m  5.53 kB[22m[1m[22m[2m │ gzip:   1.31 kB[22m[2m │ map:     0.18 kB[22m
[2m../../../../../Users/khanz/AppData/Local/Temp/chromatic--51700-tbukw8czdHia/[22m[36massets/OS-YZ2Y4VYS-57059e39.js                      [39m[1m[2m  5.57 kB[22m[1m[22m[2m │ gzip:   2.20 kB[22m[2m │ map:     9.94 kB[22m
[2m../../../../../Users/khanz/AppData/Local/Temp/chromatic--51700-tbukw8czdHia/[22m[36massets/Introduction-cffd692b.js                     [39m[1m[2m  5.63 kB[22m[1m[22m[2m │ gzip:   2.16 kB[22m[2m │ map:     7.06 kB[22m
[2m../../../../../Users/khanz/AppData/Local/Temp/chromatic--51700-tbukw8czdHia/[22m[36massets/PixiSvgPathSprite.stories-b5cfe7e0.js        [39m[1m[2m  6.17 kB[22m[1m[22m[2m │ gzip:   1.59 kB[22m[2m │ map:     0.21 kB[22m
[2m../../../../../Users/khanz/AppData/Local/Temp/chromatic--51700-tbukw8czdHia/[22m[36massets/index-61bf1805.js                            [39m[1m[2m  7.21 kB[22m[1m[22m[2m │ gzip:   2.95 kB[22m[2m │ map:    15.75 kB[22m
[2m../../../../../Users/khanz/AppData/Local/Temp/chromatic--51700-tbukw8czdHia/[22m[36massets/People-OD4EV7WZ-e23c0f1f.js                  [39m[1m[2m  7.64 kB[22m[1m[22m[2m │ gzip:   2.20 kB[22m[2m │ map:    16.31 kB[22m
[2m../../../../../Users/khanz/AppData/Local/Temp/chromatic--51700-tbukw8czdHia/[22m[36massets/preview-d8c963a4.js                          [39m[1m[2m  7.67 kB[22m[1m[22m[2m │ gzip:   1.60 kB[22m[2m │ map:    14.23 kB[22m
[2m../../../../../Users/khanz/AppData/Local/Temp/chromatic--51700-tbukw8czdHia/[22m[36massets/PixiSequence.stories-5d856e97.js             [39m[1m[2m  7.97 kB[22m[1m[22m[2m │ gzip:   2.27 kB[22m[2m │ map:     4.97 kB[22m
[2m../../../../../Users/khanz/AppData/Local/Temp/chromatic--51700-tbukw8czdHia/[22m[36massets/Documents-SGWAY3KW-a46f097b.js               [39m[1m[2m  8.11 kB[22m[1m[22m[2m │ gzip:   1.61 kB[22m[2m │ map:    20.07 kB[22m
[2m../../../../../Users/khanz/AppData/Local/Temp/chromatic--51700-tbukw8czdHia/[22m[36massets/preview-fde1393d.js                          [39m[1m[2m  8.33 kB[22m[1m[22m[2m │ gzip:   3.21 kB[22m[2m │ map:    29.44 kB[22m
[2m../../../../../Users/khanz/AppData/Local/Temp/chromatic--51700-tbukw8czdHia/[22m[36massets/_baseIsEqual-648889f3.js                     [39m[1m[2m  8.37 kB[22m[1m[22m[2m │ gzip:   3.45 kB[22m[2m │ map:    63.30 kB[22m
[2m../../../../../Users/khanz/AppData/Local/Temp/chromatic--51700-tbukw8czdHia/[22m[36massets/iframe-ac998f51.js                           [39m[1m[2m  9.69 kB[22m[1m[22m[2m │ gzip:   2.32 kB[22m[2m │ map:     6.82 kB[22m
[2m../../../../../Users/khanz/AppData/Local/Temp/chromatic--51700-tbukw8czdHia/[22m[36massets/PixiTextSprite.stories-ca7cea3c.js           [39m[1m[2m 10.75 kB[22m[1m[22m[2m │ gzip:   2.18 kB[22m[2m │ map:     0.31 kB[22m
[2m../../../../../Users/khanz/AppData/Local/Temp/chromatic--51700-tbukw8czdHia/[22m[36massets/Devices-SUYACUPO-5f5f7f3c.js                 [39m[1m[2m 11.12 kB[22m[1m[22m[2m │ gzip:   2.43 kB[22m[2m │ map:    24.80 kB[22m
[2m../../../../../Users/khanz/AppData/Local/Temp/chromatic--51700-tbukw8czdHia/[22m[36massets/PixiVideoSprite.stories-ca078cdc.js          [39m[1m[2m 11.35 kB[22m[1m[22m[2m │ gzip:   2.01 kB[22m[2m │ map:     0.30 kB[22m
[2m../../../../../Users/khanz/AppData/Local/Temp/chromatic--51700-tbukw8czdHia/[22m[36massets/PixiGifSprite.stories-5622f163.js            [39m[1m[2m 11.70 kB[22m[1m[22m[2m │ gzip:   2.24 kB[22m[2m │ map:     0.31 kB[22m
[2m../../../../../Users/khanz/AppData/Local/Temp/chromatic--51700-tbukw8czdHia/[22m[36massets/PixiVideoCanvasSync-7a47deea.js              [39m[1m[2m 13.58 kB[22m[1m[22m[2m │ gzip:   3.17 kB[22m[2m │ map:    36.06 kB[22m
[2m../../../../../Users/khanz/AppData/Local/Temp/chromatic--51700-tbukw8czdHia/[22m[36massets/AppWrapper-b2060894.js                       [39m[1m[2m 14.50 kB[22m[1m[22m[2m │ gzip:   5.29 kB[22m[2m │ map:    59.61 kB[22m
[2m../../../../../Users/khanz/AppData/Local/Temp/chromatic--51700-tbukw8czdHia/[22m[36massets/GlobalScrollAreaStyles-4LLX2B3H-fec1246b.js  [39m[1m[2m 15.18 kB[22m[1m[22m[2m │ gzip:   2.87 kB[22m[2m │ map:    21.44 kB[22m
[2m../../../../../Users/khanz/AppData/Local/Temp/chromatic--51700-tbukw8czdHia/[22m[36massets/Logos-SJTNNI74-dfca754f.js                   [39m[1m[2m 15.65 kB[22m[1m[22m[2m │ gzip:   5.34 kB[22m[2m │ map:    30.02 kB[22m
[2m../../../../../Users/khanz/AppData/Local/Temp/chromatic--51700-tbukw8czdHia/[22m[36massets/Wayfinding-BB4H7CHP-0d20a672.js              [39m[1m[2m 19.02 kB[22m[1m[22m[2m │ gzip:   3.75 kB[22m[2m │ map:    47.57 kB[22m
[2m../../../../../Users/khanz/AppData/Local/Temp/chromatic--51700-tbukw8czdHia/[22m[36massets/Images-S2WTXNGG-1424b253.js                  [39m[1m[2m 20.72 kB[22m[1m[22m[2m │ gzip:   4.41 kB[22m[2m │ map:    49.06 kB[22m
[2m../../../../../Users/khanz/AppData/Local/Temp/chromatic--51700-tbukw8czdHia/[22m[36massets/preview-d06fc6bf.js                          [39m[1m[2m 21.08 kB[22m[1m[22m[2m │ gzip:   6.99 kB[22m[2m │ map:    68.34 kB[22m
[2m../../../../../Users/khanz/AppData/Local/Temp/chromatic--51700-tbukw8czdHia/[22m[36massets/PixiGifGsapSync-10c2dc73.js                  [39m[1m[2m 23.04 kB[22m[1m[22m[2m │ gzip:   7.50 kB[22m[2m │ map:    72.65 kB[22m
[2m../../../../../Users/khanz/AppData/Local/Temp/chromatic--51700-tbukw8czdHia/[22m[36massets/TimelineTest.stories-72fbf573.js             [39m[1m[2m 25.10 kB[22m[1m[22m[2m │ gzip:   4.73 kB[22m[2m │ map:    76.41 kB[22m
[2m../../../../../Users/khanz/AppData/Local/Temp/chromatic--51700-tbukw8czdHia/[22m[36massets/Communicate-7JXCND2Z-d3f800fa.js             [39m[1m[2m 25.15 kB[22m[1m[22m[2m │ gzip:   6.58 kB[22m[2m │ map:    52.59 kB[22m
[2m../../../../../Users/khanz/AppData/Local/Temp/chromatic--51700-tbukw8czdHia/[22m[36massets/CRUD-I5EZL2FS-97d62e3d.js                    [39m[1m[2m 26.35 kB[22m[1m[22m[2m │ gzip:   5.92 kB[22m[2m │ map:    59.47 kB[22m
[2m../../../../../Users/khanz/AppData/Local/Temp/chromatic--51700-tbukw8czdHia/[22m[36massets/PixiImageSprite.stories-120b1d9b.js          [39m[1m[2m 27.25 kB[22m[1m[22m[2m │ gzip:   3.73 kB[22m[2m │ map:     0.69 kB[22m
[2m../../../../../Users/khanz/AppData/Local/Temp/chromatic--51700-tbukw8czdHia/[22m[36massets/OverlayScrollbars-OL4C4TVX-03af70e8.js       [39m[1m[2m 28.95 kB[22m[1m[22m[2m │ gzip:  14.20 kB[22m[2m │ map:   108.16 kB[22m
[2m../../../../../Users/khanz/AppData/Local/Temp/chromatic--51700-tbukw8czdHia/[22m[36massets/Color-6VNJS4EI-f45932d5.js                   [39m[1m[2m 29.65 kB[22m[1m[22m[2m │ gzip:  11.08 kB[22m[2m │ map:    99.55 kB[22m
[2m../../../../../Users/khanz/AppData/Local/Temp/chromatic--51700-tbukw8czdHia/[22m[36massets/PixiSvgPathSprite-b47da63d.js                [39m[1m[2m 40.24 kB[22m[1m[22m[2m │ gzip:  14.03 kB[22m[2m │ map:   166.43 kB[22m
[2m../../../../../Users/khanz/AppData/Local/Temp/chromatic--51700-tbukw8czdHia/[22m[36massets/PixiAudioSprite-e173c059.js                  [39m[1m[2m 40.36 kB[22m[1m[22m[2m │ gzip:  11.08 kB[22m[2m │ map:   168.64 kB[22m
[2m../../../../../Users/khanz/AppData/Local/Temp/chromatic--51700-tbukw8czdHia/[22m[36massets/index-d1387004.js                            [39m[1m[2m 61.08 kB[22m[1m[22m[2m │ gzip:  16.39 kB[22m[2m │ map:   190.97 kB[22m
[2m../../../../../Users/khanz/AppData/Local/Temp/chromatic--51700-tbukw8czdHia/[22m[36massets/preview-cffea0ef.js                          [39m[1m[2m 95.95 kB[22m[1m[22m[2m │ gzip:  34.23 kB[22m[2m │ map:   807.60 kB[22m
[2m../../../../../Users/khanz/AppData/Local/Temp/chromatic--51700-tbukw8czdHia/[22m[36massets/_getTag-2d69c746.js                          [39m[1m[2m139.25 kB[22m[1m[22m[2m │ gzip:  45.50 kB[22m[2m │ map:   365.51 kB[22m
[2m../../../../../Users/khanz/AppData/Local/Temp/chromatic--51700-tbukw8czdHia/[22m[36massets/withFiltersHook-489645a6.js                  [39m[1m[2m149.94 kB[22m[1m[22m[2m │ gzip:  43.33 kB[22m[2m │ map:   461.53 kB[22m
[2m../../../../../Users/khanz/AppData/Local/Temp/chromatic--51700-tbukw8czdHia/[22m[36massets/config-82c4b615.js                           [39m[1m[2m213.62 kB[22m[1m[22m[2m │ gzip:  66.42 kB[22m[2m │ map:   803.98 kB[22m
[2m../../../../../Users/khanz/AppData/Local/Temp/chromatic--51700-tbukw8czdHia/[22m[36massets/formatter-ZNWCFYAW-45bc24e8.js               [39m[1m[33m601.78 kB[39m[22m[2m │ gzip: 185.10 kB[22m[2m │ map: 1,318.63 kB[22m
[2m../../../../../Users/khanz/AppData/Local/Temp/chromatic--51700-tbukw8czdHia/[22m[36massets/index-e60e7f8f.js                            [39m[1m[33m640.58 kB[39m[22m[2m │ gzip: 195.78 kB[22m[2m │ map: 1,968.70 kB[22m
[2m../../../../../Users/khanz/AppData/Local/Temp/chromatic--51700-tbukw8czdHia/[22m[36massets/PixiStage-ce27c430.js                        [39m[1m[33m937.86 kB[39m[22m[2m │ gzip: 300.02 kB[22m[2m │ map: 3,591.05 kB[22m
[33m
(!) Some chunks are larger than 500 kBs after minification. Consider:
- Using dynamic import() to code-split the application
- Use build.rollupOptions.output.manualChunks to improve chunking: https://rollupjs.org/configuration-options/#output-manualchunks
- Adjust chunk size limit for this warning via build.chunkSizeWarningLimit.[39m
[32m✓ built in 53.75s[39m
info => Output directory: C:\Users\khanz\AppData\Local\Temp\chromatic--51700-tbukw8czdHia
